# Logfile created on 2014-02-15 00:09:06 +0000 by logger.rb/44203
I, [2014-02-15T00:09:06.350054 #79152]  INFO -- : 0:  rack (1.5.2) from /Users/makis/.rvm/gems/ruby-2.1.0/specifications/rack-1.5.2.gemspec
I, [2014-02-15T00:09:06.350437 #79152]  INFO -- : 0:  rack-protection (1.5.2) from /Users/makis/.rvm/gems/ruby-2.1.0/specifications/rack-protection-1.5.2.gemspec
I, [2014-02-15T00:09:06.350736 #79152]  INFO -- : 0:  tilt (1.4.1) from /Users/makis/.rvm/gems/ruby-2.1.0/specifications/tilt-1.4.1.gemspec
I, [2014-02-15T00:09:06.351013 #79152]  INFO -- : 0:  sinatra (1.4.4) from /Users/makis/.rvm/gems/ruby-2.1.0/specifications/sinatra-1.4.4.gemspec
I, [2014-02-15T00:09:06.351262 #79152]  INFO -- : 0:  bundler (1.5.1) from /Users/makis/.rvm/gems/ruby-2.1.0@global/specifications/bundler-1.5.1.gemspec
I, [2014-02-15T11:50:38.848990 #80922]  INFO -- : 0:  addressable (2.3.5) from /Users/makis/.rvm/gems/ruby-2.1.0/specifications/addressable-2.3.5.gemspec
I, [2014-02-15T11:50:38.852321 #80922]  INFO -- : 0:  bcrypt-ruby (3.1.2) from /Users/makis/.rvm/gems/ruby-2.1.0/specifications/bcrypt-ruby-3.1.2.gemspec
I, [2014-02-15T11:50:38.852692 #80922]  INFO -- : 0:  mime-types (2.1) from /Users/makis/.rvm/gems/ruby-2.1.0/specifications/mime-types-2.1.gemspec
I, [2014-02-15T11:50:38.853060 #80922]  INFO -- : 0:  mini_portile (0.5.2) from /Users/makis/.rvm/gems/ruby-2.1.0/specifications/mini_portile-0.5.2.gemspec
I, [2014-02-15T11:50:38.853345 #80922]  INFO -- : 0:  nokogiri (1.6.1) from /Users/makis/.rvm/gems/ruby-2.1.0/specifications/nokogiri-1.6.1.gemspec
I, [2014-02-15T11:50:38.853651 #80922]  INFO -- : 0:  rack (1.5.2) from /Users/makis/.rvm/gems/ruby-2.1.0/specifications/rack-1.5.2.gemspec
I, [2014-02-15T11:50:38.853920 #80922]  INFO -- : 0:  rack-test (0.6.2) from /Users/makis/.rvm/gems/ruby-2.1.0/specifications/rack-test-0.6.2.gemspec
I, [2014-02-15T11:50:38.854180 #80922]  INFO -- : 0:  xpath (2.0.0) from /Users/makis/.rvm/gems/ruby-2.1.0/specifications/xpath-2.0.0.gemspec
I, [2014-02-15T11:50:38.854457 #80922]  INFO -- : 0:  capybara (2.2.1) from /Users/makis/.rvm/gems/ruby-2.1.0/specifications/capybara-2.2.1.gemspec
I, [2014-02-15T11:50:38.854719 #80922]  INFO -- : 0:  dm-core (1.2.1) from /Users/makis/.rvm/gems/ruby-2.1.0/specifications/dm-core-1.2.1.gemspec
I, [2014-02-15T11:50:38.854994 #80922]  INFO -- : 0:  dm-aggregates (1.2.0) from /Users/makis/.rvm/gems/ruby-2.1.0/specifications/dm-aggregates-1.2.0.gemspec
I, [2014-02-15T11:50:38.855284 #80922]  INFO -- : 0:  dm-constraints (1.2.0) from /Users/makis/.rvm/gems/ruby-2.1.0/specifications/dm-constraints-1.2.0.gemspec
I, [2014-02-15T11:50:38.855564 #80922]  INFO -- : 0:  dm-migrations (1.2.0) from /Users/makis/.rvm/gems/ruby-2.1.0/specifications/dm-migrations-1.2.0.gemspec
I, [2014-02-15T11:50:38.855830 #80922]  INFO -- : 0:  fastercsv (1.5.5) from /Users/makis/.rvm/gems/ruby-2.1.0/specifications/fastercsv-1.5.5.gemspec
I, [2014-02-15T11:50:38.856143 #80922]  INFO -- : 0:  json (1.8.1) from /Users/makis/.rvm/rubies/ruby-2.1.0/lib/ruby/gems/2.1.0/specifications/default/json-1.8.1.gemspec
I, [2014-02-15T11:50:38.856403 #80922]  INFO -- : 0:  json_pure (1.8.1) from /Users/makis/.rvm/gems/ruby-2.1.0/specifications/json_pure-1.8.1.gemspec
I, [2014-02-15T11:50:38.856667 #80922]  INFO -- : 0:  multi_json (1.8.4) from /Users/makis/.rvm/gems/ruby-2.1.0/specifications/multi_json-1.8.4.gemspec
I, [2014-02-15T11:50:38.857063 #80922]  INFO -- : 0:  dm-serializer (1.2.2) from /Users/makis/.rvm/gems/ruby-2.1.0/specifications/dm-serializer-1.2.2.gemspec
I, [2014-02-15T11:50:38.857373 #80922]  INFO -- : 0:  dm-timestamps (1.2.0) from /Users/makis/.rvm/gems/ruby-2.1.0/specifications/dm-timestamps-1.2.0.gemspec
I, [2014-02-15T11:50:38.857728 #80922]  INFO -- : 0:  dm-transactions (1.2.0) from /Users/makis/.rvm/gems/ruby-2.1.0/specifications/dm-transactions-1.2.0.gemspec
I, [2014-02-15T11:50:38.858099 #80922]  INFO -- : 0:  stringex (1.5.1) from /Users/makis/.rvm/gems/ruby-2.1.0/specifications/stringex-1.5.1.gemspec
I, [2014-02-15T11:50:38.858461 #80922]  INFO -- : 0:  uuidtools (2.1.4) from /Users/makis/.rvm/gems/ruby-2.1.0/specifications/uuidtools-2.1.4.gemspec
I, [2014-02-15T11:50:38.858857 #80922]  INFO -- : 0:  dm-types (1.2.2) from /Users/makis/.rvm/gems/ruby-2.1.0/specifications/dm-types-1.2.2.gemspec
I, [2014-02-15T11:50:38.859263 #80922]  INFO -- : 0:  dm-validations (1.2.0) from /Users/makis/.rvm/gems/ruby-2.1.0/specifications/dm-validations-1.2.0.gemspec
I, [2014-02-15T11:50:38.859616 #80922]  INFO -- : 0:  data_mapper (1.2.0) from /Users/makis/.rvm/gems/ruby-2.1.0/specifications/data_mapper-1.2.0.gemspec
I, [2014-02-15T11:50:38.859982 #80922]  INFO -- : 0:  data_objects (0.10.13) from /Users/makis/.rvm/gems/ruby-2.1.0/specifications/data_objects-0.10.13.gemspec
I, [2014-02-15T11:50:38.860321 #80922]  INFO -- : 0:  database_cleaner (1.2.0) from /Users/makis/.rvm/gems/ruby-2.1.0/specifications/database_cleaner-1.2.0.gemspec
I, [2014-02-15T11:50:38.860660 #80922]  INFO -- : 0:  diff-lcs (1.2.5) from /Users/makis/.rvm/gems/ruby-2.1.0/specifications/diff-lcs-1.2.5.gemspec
I, [2014-02-15T11:50:38.860997 #80922]  INFO -- : 0:  dm-do-adapter (1.2.0) from /Users/makis/.rvm/gems/ruby-2.1.0/specifications/dm-do-adapter-1.2.0.gemspec
I, [2014-02-15T11:50:38.861341 #80922]  INFO -- : 0:  do_postgres (0.10.13) from /Users/makis/.rvm/gems/ruby-2.1.0/specifications/do_postgres-0.10.13.gemspec
I, [2014-02-15T11:50:38.861682 #80922]  INFO -- : 0:  dm-postgres-adapter (1.2.0) from /Users/makis/.rvm/gems/ruby-2.1.0/specifications/dm-postgres-adapter-1.2.0.gemspec
I, [2014-02-15T11:50:38.862020 #80922]  INFO -- : 0:  rack-flash3 (1.0.5) from /Users/makis/.rvm/gems/ruby-2.1.0/specifications/rack-flash3-1.0.5.gemspec
I, [2014-02-15T11:50:38.862292 #80922]  INFO -- : 0:  rack-protection (1.5.2) from /Users/makis/.rvm/gems/ruby-2.1.0/specifications/rack-protection-1.5.2.gemspec
I, [2014-02-15T11:50:38.862545 #80922]  INFO -- : 0:  rspec-core (2.14.7) from /Users/makis/.rvm/gems/ruby-2.1.0/specifications/rspec-core-2.14.7.gemspec
I, [2014-02-15T11:50:38.862886 #80922]  INFO -- : 0:  rspec-expectations (2.14.4) from /Users/makis/.rvm/gems/ruby-2.1.0/specifications/rspec-expectations-2.14.4.gemspec
I, [2014-02-15T11:50:38.863252 #80922]  INFO -- : 0:  rspec-mocks (2.14.4) from /Users/makis/.rvm/gems/ruby-2.1.0/specifications/rspec-mocks-2.14.4.gemspec
I, [2014-02-15T11:50:38.863688 #80922]  INFO -- : 0:  rspec (2.14.1) from /Users/makis/.rvm/gems/ruby-2.1.0/specifications/rspec-2.14.1.gemspec
I, [2014-02-15T11:50:38.864159 #80922]  INFO -- : 0:  shotgun (0.9) from /Users/makis/.rvm/gems/ruby-2.1.0/specifications/shotgun-0.9.gemspec
I, [2014-02-15T11:50:38.864594 #80922]  INFO -- : 0:  tilt (1.4.1) from /Users/makis/.rvm/gems/ruby-2.1.0/specifications/tilt-1.4.1.gemspec
I, [2014-02-15T11:50:38.865031 #80922]  INFO -- : 0:  sinatra (1.4.4) from /Users/makis/.rvm/gems/ruby-2.1.0/specifications/sinatra-1.4.4.gemspec
I, [2014-02-15T11:50:38.865468 #80922]  INFO -- : 0:  sinatra-partial (0.4.0) from /Users/makis/.rvm/gems/ruby-2.1.0/specifications/sinatra-partial-0.4.0.gemspec
I, [2014-02-15T11:50:38.865870 #80922]  INFO -- : 0:  bundler (1.5.1) from /Users/makis/.rvm/gems/ruby-2.1.0@global/specifications/bundler-1.5.1.gemspec
